xPrivacy/build/outputs/mapping/release/seeds.txt
biz.bokhorst.xprivacy.ActivityApp
biz.bokhorst.xprivacy.ActivityApp: ActivityApp()
biz.bokhorst.xprivacy.ActivityBase: ActivityBase()
biz.bokhorst.xprivacy.ActivityMain
biz.bokhorst.xprivacy.ActivityMain: ActivityMain()
biz.bokhorst.xprivacy.ActivitySettings
biz.bokhorst.xprivacy.ActivitySettings: ActivitySettings()
biz.bokhorst.xprivacy.ActivitySettings: void onClick(android.view.View)
biz.bokhorst.xprivacy.ActivityShare
biz.bokhorst.xprivacy.ActivityShare: ActivityShare()
biz.bokhorst.xprivacy.ActivityUsage
biz.bokhorst.xprivacy.ActivityUsage: ActivityUsage()
biz.bokhorst.xprivacy.ApplicationEx
biz.bokhorst.xprivacy.ApplicationEx: ApplicationEx()
biz.bokhorst.xprivacy.BootReceiver
biz.bokhorst.xprivacy.BootReceiver: BootReceiver()
biz.bokhorst.xprivacy.DeviceAdministratorReceiver
biz.bokhorst.xprivacy.DeviceAdministratorReceiver: DeviceAdministratorReceiver()
biz.bokhorst.xprivacy.PRestriction: android.os.Parcelable$Creator CREATOR
biz.bokhorst.xprivacy.PSetting: android.os.Parcelable$Creator CREATOR
biz.bokhorst.xprivacy.PackageChange
biz.bokhorst.xprivacy.PackageChange: PackageChange()
biz.bokhorst.xprivacy.R$anim: int abc_fade_in
biz.bokhorst.xprivacy.R$anim: int abc_fade_out
biz.bokhorst.xprivacy.R$anim: int abc_grow_fade_in_from_bottom
biz.bokhorst.xprivacy.R$anim: int abc_popup_enter
biz.bokhorst.xprivacy.R$anim: int abc_popup_exit
biz.bokhorst.xprivacy.R$anim: int abc_shrink_fade_out_from_bottom
biz.bokhorst.xprivacy.R$anim: int abc_slide_in_bottom
biz.bokhorst.xprivacy.R$anim: int abc_slide_in_top
biz.bokhorst.xprivacy.R$anim: int abc_slide_out_bottom
biz.bokhorst.xprivacy.R$anim: int abc_slide_out_top
biz.bokhorst.xprivacy.R$array: int once
biz.bokhorst.xprivacy.R$attr: int actionBarDivider
biz.bokhorst.xprivacy.R$attr: int actionBarItemBackground
biz.bokhorst.xprivacy.R$attr: int actionBarPopupTheme
biz.bokhorst.xprivacy.R$attr: int actionBarSize
biz.bokhorst.xprivacy.R$attr: int actionBarSplitStyle
biz.bokhorst.xprivacy.R$attr: int actionBarStyle
biz.bokhorst.xprivacy.R$attr: int actionBarTabBarStyle
biz.bokhorst.xprivacy.R$attr: int actionBarTabStyle
biz.bokhorst.xprivacy.R$attr: int actionBarTabTextStyle
biz.bokhorst.xprivacy.R$attr: int actionBarTheme
biz.bokhorst.xprivacy.R$attr: int actionBarWidgetTheme
biz.bokhorst.xprivacy.R$attr: int actionButtonStyle
biz.bokhorst.xprivacy.R$attr: int actionDropDownStyle
biz.bokhorst.xprivacy.R$attr: int actionLayout
biz.bokhorst.xprivacy.R$attr: int actionMenuTextAppearance
biz.bokhorst.xprivacy.R$attr: int actionMenuTextColor
biz.bokhorst.xprivacy.R$attr: int actionModeBackground
biz.bokhorst.xprivacy.R$attr: int actionModeCloseButtonStyle
biz.bokhorst.xprivacy.R$attr: int actionModeCloseDrawable
biz.bokhorst.xprivacy.R$attr: int actionModeCopyDrawable
biz.bokhorst.xprivacy.R$attr: int actionModeCutDrawable
biz.bokhorst.xprivacy.R$attr: int actionModeFindDrawable
biz.bokhorst.xprivacy.R$attr: int actionModePasteDrawable
biz.bokhorst.xprivacy.R$attr: int actionModePopupWindowStyle
biz.bokhorst.xprivacy.R$attr: int actionModeSelectAllDrawable
biz.bokhorst.xprivacy.R$attr: int actionModeShareDrawable
biz.bokhorst.xprivacy.R$attr: int actionModeSplitBackground
biz.bokhorst.xprivacy.R$bool: int abc_action_bar_embed_tabs
biz.bokhorst.xprivacy.R$bool: int abc_action_bar_embed_tabs_pre_jb
biz.bokhorst.xprivacy.R$bool: int abc_action_bar_expanded_action_views_exclusive
biz.bokhorst.xprivacy.R$bool: int abc_config_actionMenuItemAllCaps
biz.bokhorst.xprivacy.R$bool: int abc_config_allowActionMenuItemTextWithIcon
biz.bokhorst.xprivacy.R$bool: int abc_config_closeDialogWhenTouchOutside
biz.bokhorst.xprivacy.R$bool: int abc_config_showMenuShortcutsWhenKeyboardPresent
...
android.support.v7.appcompat.R$string: int abc_action_bar_home_description
android.support.v7.appcompat.R$string: int abc_action_bar_home_description_format
android.support.v7.appcompat.R$string: int abc_action_bar_home_subtitle_description_format
android.support.v7.appcompat.R$string: int abc_action_bar_up_description
android.support.v7.appcompat.R$string: int abc_action_menu_overflow_description
android.support.v7.appcompat.R$string: int abc_action_mode_done
android.support.v7.appcompat.R$string: int abc_activity_chooser_view_see_all
android.support.v7.appcompat.R$string: int abc_activitychooserview_choose_application
android.support.v7.appcompat.R$string: int abc_search_hint
android.support.v7.appcompat.R$string: int abc_searchview_description_clear
android.support.v7.appcompat.R$string: int abc_searchview_description_query
android.support.v7.appcompat.R$string: int abc_searchview_description_search
android.support.v7.appcompat.R$string: int abc_searchview_description_submit
android.support.v7.appcompat.R$string: int abc_searchview_description_voice
android.support.v7.appcompat.R$string: int abc_shareactionprovider_share_with
android.support.v7.appcompat.R$string: int abc_shareactionprovider_share_with_application
android.support.v7.appcompat.R$string: int abc_toolbar_collapse_description
android.support.v7.appcompat.R$string: int status_bar_notification_info_overflow
android.support.v7.appcompat.R$style: int AlertDialog_AppCompat
android.support.v7.appcompat.R$style: int AlertDialog_AppCompat_Light
android.support.v7.appcompat.R$style: int Animation_AppCompat_Dialog
android.support.v7.appcompat.R$style: int Animation_AppCompat_DropDownUp
android.support.v7.appcompat.R$style: int Base_AlertDialog_AppCompat
android.support.v7.appcompat.R$style: int Base_AlertDialog_AppCompat_Light
android.support.v7.appcompat.R$style: int Base_Animation_AppCompat_Dialog
android.support.v7.appcompat.R$style: int Base_Animation_AppCompat_DropDownUp
android.support.v7.appcompat.R$style: int Base_DialogWindowTitleBackground_AppCompat
android.support.v7.appcompat.R$style: int Base_DialogWindowTitle_AppCompat
android.support.v7.appcompat.R$style: int Base_TextAppearance_AppCompat
android.support.v7.appcompat.R$style: int Base_TextAppearance_AppCompat_Body1
android.support.v7.appcompat.R$style: int Base_TextAppearance_AppCompat_Body2
android.support.v7.appcompat.R$style: int Base_TextAppearance_AppCompat_Button
android.support.v7.appcompat.R$style: int Base_TextAppearance_AppCompat_Caption
android.support.v7.appcompat.R$style: int Base_TextAppearance_AppCompat_Display1
android.support.v7.appcompat.R$style: int Base_TextAppearance_AppCompat_Display2
android.support.v7.appcompat.R$style: int Base_TextAppearance_AppCompat_Display3
android.support.v7.appcompat.R$style: int Base_TextAppearance_AppCompat_Display4