xPrivacy/build/outputs/mapping/release/mapping.txt
biz.bokhorst.xprivacy.ActivityApp -> biz.bokhorst.xprivacy.ActivityApp:
    biz.bokhorst.xprivacy.ApplicationInfoEx mAppInfo -> n
    android.support.v7.widget.SwitchCompat swEnabled -> o
    biz.bokhorst.xprivacy.ActivityApp$RestrictionAdapter mPrivacyListAdapter -> p
    java.util.concurrent.ExecutorService mExecutor -> q
    boolean mPackageChangeReceiverRegistered -> r
    android.content.BroadcastReceiver mPackageChangeReceiver -> s
    72:104:void <init>() -> <init>
    114:337:void onCreate(android.os.Bundle) -> onCreate
    341:356:void onNewIntent(android.content.Intent) -> onNewIntent
    360:382:void onResume() -> onResume
    386:391:void onDestroy() -> onDestroy
    395:441:boolean onCreateOptionsMenu(android.view.Menu) -> onCreateOptionsMenu
    448:481:void onCreateContextMenu(android.view.ContextMenu,android.view.View,android.view.ContextMenu$ContextMenuInfo) -> onCreateContextMenu
    485:499:boolean onContextItemSelected(android.view.MenuItem) -> onContextItemSelected
    504:506:void optionLaunch(int) -> b
    509:512:void optionAppSettings(int) -> c
    515:534:void optionKill(int) -> d
    537:538:void optionStore(int) -> e
    544:560:boolean onPrepareOptionsMenu(android.view.Menu) -> onPrepareOptionsMenu
    565:623:boolean onOptionsItemSelected(android.view.MenuItem) -> onOptionsItemSelected
    628:631:void optionUsage() -> o
    634:636:void optionAccounts() -> p
    639:646:void optionApplications() -> q
    649:656:void optionContacts(int) -> f
biz.bokhorst.xprivacy.ActivityApp$1 -> biz.bokhorst.xprivacy.ActivityApp$1:
    biz.bokhorst.xprivacy.ActivityApp this$0 -> a
    104:104:void <init>(biz.bokhorst.xprivacy.ActivityApp) -> <init>
    107:110:void onReceive(android.content.Context,android.content.Intent) -> onReceive
biz.bokhorst.xprivacy.ActivityApp$10 -> biz.bokhorst.xprivacy.ActivityApp$2:
    biz.bokhorst.xprivacy.ActivityApp this$0 -> a
    527:527:void <init>(biz.bokhorst.xprivacy.ActivityApp) -> <init>
    530:530:void onClick(android.content.DialogInterface,int) -> onClick
biz.bokhorst.xprivacy.ActivityApp$2 -> biz.bokhorst.xprivacy.ActivityApp$3:
    biz.bokhorst.xprivacy.ActivityApp this$0 -> a
    152:152:void <init>(biz.bokhorst.xprivacy.ActivityApp) -> <init>
    156:158:void onClick(android.view.View) -> onClick
biz.bokhorst.xprivacy.ActivityApp$3 -> biz.bokhorst.xprivacy.ActivityApp$4:
    android.widget.ImageView val$imgIcon -> a
    biz.bokhorst.xprivacy.ActivityApp this$0 -> b
    176:176:void <init>(biz.bokhorst.xprivacy.ActivityApp,android.widget.ImageView) -> <init>
    179:180:void onClick(android.view.View) -> onClick
biz.bokhorst.xprivacy.ActivityApp$4 -> biz.bokhorst.xprivacy.ActivityApp$5:
    android.widget.ImageView val$imgCbOnDemand -> a
    biz.bokhorst.xprivacy.ActivityApp this$0 -> b
    193:193:void <init>(biz.bokhorst.xprivacy.ActivityApp,android.widget.ImageView) -> <init>
    196:203:void onClick(android.view.View) -> onClick
biz.bokhorst.xprivacy.ActivityApp$5 -> biz.bokhorst.xprivacy.ActivityApp$6:
    android.widget.ImageView val$imgCbOnDemand -> a
    biz.bokhorst.xprivacy.ActivityApp this$0 -> b
    211:211:void <init>(biz.bokhorst.xprivacy.ActivityApp,android.widget.ImageView) -> <init>
    214:219:void onCheckedChanged(android.widget.CompoundButton,boolean) -> onCheckedChanged
biz.bokhorst.xprivacy.ActivityApp$6 -> biz.bokhorst.xprivacy.ActivityApp$7:
    int val$userId -> a
    android.widget.ExpandableListView val$elvRestriction -> b
    biz.bokhorst.xprivacy.ActivityApp this$0 -> c
    254:254:void <init>(biz.bokhorst.xprivacy.ActivityApp,int,android.widget.ExpandableListView) -> <init>
    257:283:void onGroupExpand(int) -> onGroupExpand
biz.bokhorst.xprivacy.ActivityApp$6$1 -> biz.bokhorst.xprivacy.ActivityApp$7$1:
    biz.bokhorst.xprivacy.ActivityApp$6 this$1 -> a
    262:262:void <init>(biz.bokhorst.xprivacy.ActivityApp$6) -> <init>
    265:269:void onClick(android.content.DialogInterface,int) -> onClick
...
android.support.v4.view.LayoutInflaterCompat$LayoutInflaterCompatImplV21 -> android.support.v4.h.d$d:
    46:46:void <init>() -> <init>
    49:50:void setFactory(android.view.LayoutInflater,android.support.v4.view.LayoutInflaterFactory) -> a
android.support.v4.view.LayoutInflaterCompatBase -> android.support.v4.h.e:
    45:46:void setFactory(android.view.LayoutInflater,android.support.v4.view.LayoutInflaterFactory) -> a
android.support.v4.view.LayoutInflaterCompatBase$FactoryWrapper -> android.support.v4.h.e$a:
    android.support.v4.view.LayoutInflaterFactory mDelegateFactory -> a
    30:32:void <init>(android.support.v4.view.LayoutInflaterFactory) -> <init>
    36:36:android.view.View onCreateView(java.lang.String,android.content.Context,android.util.AttributeSet) -> onCreateView
    40:40:java.lang.String toString() -> toString
android.support.v4.view.LayoutInflaterCompatHC -> android.support.v4.h.f:
    java.lang.reflect.Field sLayoutInflaterFactory2Field -> a
    boolean sCheckedField -> b
    49:62:void setFactory(android.view.LayoutInflater,android.support.v4.view.LayoutInflaterFactory) -> a
    71:90:void forceSetFactory2(android.view.LayoutInflater,android.view.LayoutInflater$Factory2) -> a
android.support.v4.view.LayoutInflaterCompatHC$FactoryWrapperHC -> android.support.v4.h.f$a:
    38:39:void <init>(android.support.v4.view.LayoutInflaterFactory) -> <init>
    44:44:android.view.View onCreateView(android.view.View,java.lang.String,android.content.Context,android.util.AttributeSet) -> onCreateView
android.support.v4.view.LayoutInflaterCompatLollipop -> android.support.v4.h.g:
    24:26:void setFactory(android.view.LayoutInflater,android.support.v4.view.LayoutInflaterFactory) -> a
android.support.v4.view.LayoutInflaterFactory -> android.support.v4.h.h:
    android.view.View onCreateView(android.view.View,java.lang.String,android.content.Context,android.util.AttributeSet) -> a
android.support.v4.view.MarginLayoutParamsCompat -> android.support.v4.h.i:
    android.support.v4.view.MarginLayoutParamsCompat$MarginLayoutParamsCompatImpl IMPL -> a
    147:147:int getMarginStart(android.view.ViewGroup$MarginLayoutParams) -> a
    162:162:int getMarginEnd(android.view.ViewGroup$MarginLayoutParams) -> b
    127:133:void <clinit>() -> <clinit>
android.support.v4.view.MarginLayoutParamsCompat$MarginLayoutParamsCompatImpl -> android.support.v4.h.i$a:
    int getMarginStart(android.view.ViewGroup$MarginLayoutParams) -> a
    int getMarginEnd(android.view.ViewGroup$MarginLayoutParams) -> b
android.support.v4.view.MarginLayoutParamsCompat$MarginLayoutParamsCompatImplBase -> android.support.v4.h.i$b:
    39:39:void <init>() -> <init>
    43:43:int getMarginStart(android.view.ViewGroup$MarginLayoutParams) -> a
    48:48:int getMarginEnd(android.view.ViewGroup$MarginLayoutParams) -> b
android.support.v4.view.MarginLayoutParamsCompat$MarginLayoutParamsCompatImplJbMr1 -> android.support.v4.h.i$c:
    82:82:void <init>() -> <init>
    86:86:int getMarginStart(android.view.ViewGroup$MarginLayoutParams) -> a
    91:91:int getMarginEnd(android.view.ViewGroup$MarginLayoutParams) -> b
android.support.v4.view.MarginLayoutParamsCompatJellybeanMr1 -> android.support.v4.h.j:
    24:24:int getMarginStart(android.view.ViewGroup$MarginLayoutParams) -> a
    28:28:int getMarginEnd(android.view.ViewGroup$MarginLayoutParams) -> b