xPrivacy/build/outputs/mapping/release/usage.txt
biz.bokhorst.xprivacy.ActivityApp:
    public static final java.lang.String cUid
    public static final java.lang.String cRestrictionName
    public static final java.lang.String cMethodName
    public static final java.lang.String cAction
    public static final int cActionClear
    public static final int cActionSettings
    public static final int cActionRefresh
    private static final int MENU_LAUNCH
    private static final int MENU_SETTINGS
    private static final int MENU_KILL
    private static final int MENU_STORE
biz.bokhorst.xprivacy.ActivityMain:
    private static final int SORT_BY_NAME
    private static final int SORT_BY_UID
    private static final int SORT_BY_INSTALL_TIME
    private static final int SORT_BY_UPDATE_TIME
    private static final int SORT_BY_MODIFY_TIME
    private static final int SORT_BY_STATE
    private static final int ACTIVITY_LICENSE
    private static final int LICENSED
    private static final int NOT_LICENSED
    private static final int RETRY
    private static final int ERROR_CONTACTING_SERVER
    private static final int ERROR_INVALID_PACKAGE_NAME
    private static final int ERROR_NON_MATCHING_UID
    public static final java.lang.String cAction
    public static final int cActionRefresh
biz.bokhorst.xprivacy.ActivityMain$AppListAdapter:
    public static final int cSelectAppAll
    public static final int cSelectAppNone
biz.bokhorst.xprivacy.ActivitySettings:
    public static final java.lang.String ACTION_SETTINGS
    public static final java.lang.String cUid
biz.bokhorst.xprivacy.ActivityShare:
    private static final int STATE_WAITING
    private static final int STATE_RUNNING
    private static final int STATE_SUCCESS
    private static final int STATE_FAILURE
    private static final int ACTIVITY_IMPORT_SELECT
    public static final java.lang.String cUidList
    public static final java.lang.String cRestriction
    public static final java.lang.String cInteractive
    public static final java.lang.String cChoice
    public static final java.lang.String cFileName
    public static final java.lang.String HTTP_BASE_URL
    public static final java.lang.String HTTPS_BASE_URL
    public static final int cSubmitLimit
    public static final int cProtocolVersion
    public static final java.lang.String ACTION_EXPORT
    public static final java.lang.String ACTION_IMPORT
    public static final java.lang.String ACTION_FETCH
    public static final java.lang.String ACTION_SUBMIT
    public static final java.lang.String ACTION_TOGGLE
    public static final int CHOICE_CLEAR
    public static final int CHOICE_TEMPLATE
    public static final int TIMEOUT_MILLISEC
biz.bokhorst.xprivacy.ActivityShare$AbortException:
    private static final long serialVersionUID
biz.bokhorst.xprivacy.ActivityShare$ServerException:
    private static final long serialVersionUID
    public static final int cErrorNotActivated
    public static final int cErrorNoRestrictions
biz.bokhorst.xprivacy.ActivityUsage:
    public static final java.lang.String cUid
    public static final java.lang.String cRestriction
biz.bokhorst.xprivacy.ApplicationEx:
    26:27:public void onDestroy()
biz.bokhorst.xprivacy.ApplicationInfoEx:
    public static final int STATE_ATTENTION
    public static final int STATE_CHANGED
    public static final int STATE_SHARED
    277:280:public boolean isShared()
    284:287:public boolean isIsolated()
biz.bokhorst.xprivacy.BuildConfig
...
android.support.v4.print.PrintHelperKitkat$2$1$1
android.support.v4.print.PrintHelperKitkat$OnPrintFinishCallback
android.support.v4.provider.DocumentFile
android.support.v4.provider.DocumentsContractApi19
android.support.v4.provider.DocumentsContractApi21
android.support.v4.provider.RawDocumentFile
android.support.v4.provider.SingleDocumentFile
android.support.v4.provider.TreeDocumentFile
android.support.v4.speech.tts.TextToSpeechICS
android.support.v4.speech.tts.TextToSpeechICSMR1
android.support.v4.speech.tts.TextToSpeechICSMR1$1
android.support.v4.speech.tts.TextToSpeechICSMR1$2
android.support.v4.speech.tts.TextToSpeechICSMR1$UtteranceProgressListenerICSMR1
android.support.v4.text.BidiFormatter
android.support.v4.text.BidiFormatter$1
android.support.v4.text.BidiFormatter$Builder
android.support.v4.text.BidiFormatter$DirectionalityEstimator
android.support.v4.text.ICUCompat:
    21:40:public ICUCompat()
android.support.v4.text.ICUCompatIcs:
    private static final java.lang.String TAG
    24:24:ICUCompatIcs()
android.support.v4.text.TextDirectionHeuristicCompat
android.support.v4.text.TextDirectionHeuristicsCompat
android.support.v4.text.TextDirectionHeuristicsCompat$1
android.support.v4.text.TextDirectionHeuristicsCompat$AnyStrong
android.support.v4.text.TextDirectionHeuristicsCompat$FirstStrong
android.support.v4.text.TextDirectionHeuristicsCompat$TextDirectionAlgorithm
android.support.v4.text.TextDirectionHeuristicsCompat$TextDirectionHeuristicImpl
android.support.v4.text.TextDirectionHeuristicsCompat$TextDirectionHeuristicInternal
android.support.v4.text.TextDirectionHeuristicsCompat$TextDirectionHeuristicLocale
android.support.v4.text.TextUtilsCompat:
    25:25:public TextUtilsCompat()
    34:62:public static java.lang.String htmlEncode(java.lang.String)
android.support.v4.util.ArrayMap:
    61:62:public ArrayMap(int)
    68:69:public ArrayMap(android.support.v4.util.SimpleArrayMap)
    130:130:public boolean containsAll(java.util.Collection)
    151:151:public boolean removeAll(java.util.Collection)
android.support.v4.util.AtomicFile
android.support.v4.util.CircularArray
android.support.v4.util.CircularIntArray
android.support.v4.util.ContainerHelpers:
    19:19:ContainerHelpers()
    29:29:public static int idealLongArraySize(int)
    65:80:static int binarySearch(long[],int,long)
android.support.v4.util.DebugUtils:
    25:25:public DebugUtils()
android.support.v4.util.LongSparseArray
android.support.v4.util.LruCache:
    61:69:public void resize(int)
    193:209:public final java.lang.Object remove(java.lang.Object)
    271:272:public final void evictAll()
    280:280:public final synchronized int size()
    289:289:public final synchronized int maxSize()
    297:297:public final synchronized int hitCount()
    305:305:public final synchronized int missCount()
    312:312:public final synchronized int createCount()
    319:319:public final synchronized int putCount()
    326:326:public final synchronized int evictionCount()
    334:334:public final synchronized java.util.Map snapshot()
android.support.v4.util.Pair
android.support.v4.util.Pools
android.support.v4.util.Pools$Pool
android.support.v4.util.Pools$SimplePool
android.support.v4.util.Pools$SynchronizedPool
android.support.v4.util.SimpleArrayMap:
    private static final boolean DEBUG
    private static final java.lang.String TAG
    private static final int BASE_SIZE
    private static final int CACHE_SIZE
    217:225:public SimpleArrayMap(int)
    231:235:public SimpleArrayMap(android.support.v4.util.SimpleArrayMap)
    429:442:public void putAll(android.support.v4.util.SimpleArrayMap)